<?xml version="1.0" encoding="UTF-8"?>
<testsuite name="com.cabinvoicegenerator.CabInvoiceTest" tests="1" skipped="0" failures="0" errors="0" timestamp="2022-01-11T17:28:26" hostname="DESKTOP-5OHQGJ2" time="0.022">
  <properties/>
  <testcase name="givenMultipleRide_ShouldReturnFare()" classname="com.cabinvoicegenerator.CabInvoiceTest" time="0.022"/>
  <system-out><![CDATA[]]></system-out>
  <system-err><![CDATA[]]></system-err>
</testsuite>
