<?xml version="1.0" encoding="UTF-8"?>
<testsuite name="com.cabinvoicegenerator.CabInvoiceTest" tests="1" skipped="0" failures="0" errors="0" timestamp="2022-01-12T04:19:37" hostname="Srinaths-MacBook-Air.local" time="0.078">
  <properties/>
  <testcase name="givenMultipleRide_ShouldReturnFare()" classname="com.cabinvoicegenerator.CabInvoiceTest" time="0.078"/>
  <system-out><![CDATA[]]></system-out>
  <system-err><![CDATA[]]></system-err>
</testsuite>
