<?xml version="1.0" encoding="UTF-8"?>
<testsuite name="com.cabinvoicegenerator.CabInvoiceTest" tests="1" skipped="0" failures="0" errors="0" timestamp="2022-01-12T12:09:44" hostname="DESKTOP-5OHQGJ2" time="0.028">
  <properties/>
  <testcase name="givenUserID_PremiumData_ShouldReturnInvoiceData()" classname="com.cabinvoicegenerator.CabInvoiceTest" time="0.028"/>
  <system-out><![CDATA[]]></system-out>
  <system-err><![CDATA[]]></system-err>
</testsuite>
